[0.088s] Invoking command in '/home/sree/dev_ws/src/articubot_one/build/articubot_one': CMAKE_PREFIX_PATH=/opt/ros/humble /usr/bin/cmake /home/sree/dev_ws/src/articubot_one -DAMENT_CMAKE_SYMLINK_INSTALL=1 -DCMAKE_INSTALL_PREFIX=/home/sree/dev_ws/src/articubot_one/install/articubot_one
[0.158s] -- Found ament_cmake: 1.3.8 (/opt/ros/humble/share/ament_cmake/cmake)
[0.326s] -- Found Python3: /usr/bin/python3 (found version "3.10.12") found components: Interpreter 
[0.388s] -- Override CMake install command with custom implementation using symlinks instead of copying resources
[0.427s] -- Found ament_lint_auto: 0.12.10 (/opt/ros/humble/share/ament_lint_auto/cmake)
[0.510s] -- Added test 'copyright' to check source files copyright and LICENSE
[0.537s] -- Added test 'cppcheck' to perform static code analysis on C / C++ code
[0.537s] -- Configured cppcheck include dirs: 
[0.537s] -- Configured cppcheck exclude dirs and/or files: 
[0.549s] -- Added test 'cpplint' to check C / C++ code against the Google style
[0.549s] -- Configured cpplint exclude dirs and/or files: 
[0.551s] -- Added test 'flake8' to check Python code syntax and style conventions
[0.554s] -- Added test 'lint_cmake' to check CMake code style
[0.556s] -- Added test 'pep257' to check Python code against some of the docstring style conventions in PEP 257
[0.569s] -- Added test 'uncrustify' to check C / C++ code style
[0.569s] -- Configured uncrustify additional arguments: 
[0.571s] -- Added test 'xmllint' to check XML markup files
[0.572s] -- Configuring done
[0.576s] -- Generating done
[0.576s] -- Build files have been written to: /home/sree/dev_ws/src/articubot_one/build/articubot_one
[0.580s] Invoked command in '/home/sree/dev_ws/src/articubot_one/build/articubot_one' returned '0': CMAKE_PREFIX_PATH=/opt/ros/humble /usr/bin/cmake /home/sree/dev_ws/src/articubot_one -DAMENT_CMAKE_SYMLINK_INSTALL=1 -DCMAKE_INSTALL_PREFIX=/home/sree/dev_ws/src/articubot_one/install/articubot_one
[0.581s] Invoking command in '/home/sree/dev_ws/src/articubot_one/build/articubot_one': CMAKE_PREFIX_PATH=/opt/ros/humble /usr/bin/cmake --build /home/sree/dev_ws/src/articubot_one/build/articubot_one -- -j8 -l8
[0.621s] Invoked command in '/home/sree/dev_ws/src/articubot_one/build/articubot_one' returned '0': CMAKE_PREFIX_PATH=/opt/ros/humble /usr/bin/cmake --build /home/sree/dev_ws/src/articubot_one/build/articubot_one -- -j8 -l8
[0.666s] Invoking command in '/home/sree/dev_ws/src/articubot_one/build/articubot_one': CMAKE_PREFIX_PATH=/opt/ros/humble /usr/bin/cmake --install /home/sree/dev_ws/src/articubot_one/build/articubot_one
[0.673s] -- Install configuration: ""
[0.674s] -- Execute custom install script
[0.674s] -- Symlinking: /home/sree/dev_ws/src/articubot_one/install/articubot_one/share/articubot_one/config/drive_bot.rviz
[0.683s] -- Symlinking: /home/sree/dev_ws/src/articubot_one/install/articubot_one/share/articubot_one/config/empty.yaml
[0.692s] -- Symlinking: /home/sree/dev_ws/src/articubot_one/install/articubot_one/share/articubot_one/config/my_controllers.yaml
[0.700s] -- Symlinking: /home/sree/dev_ws/src/articubot_one/install/articubot_one/share/articubot_one/config/view_bot.rviz
[0.710s] -- Symlinking: /home/sree/dev_ws/src/articubot_one/install/articubot_one/share/articubot_one/description/camera.xacro
[0.718s] -- Symlinking: /home/sree/dev_ws/src/articubot_one/install/articubot_one/share/articubot_one/description/depth_camera.xacro
[0.728s] -- Symlinking: /home/sree/dev_ws/src/articubot_one/install/articubot_one/share/articubot_one/description/gazebo_control.xacro
[0.737s] -- Symlinking: /home/sree/dev_ws/src/articubot_one/install/articubot_one/share/articubot_one/description/inertial_macros.xacro
[0.746s] -- Symlinking: /home/sree/dev_ws/src/articubot_one/install/articubot_one/share/articubot_one/description/lidar.xacro
[0.755s] -- Symlinking: /home/sree/dev_ws/src/articubot_one/install/articubot_one/share/articubot_one/description/robot.urdf.xacro
[0.765s] -- Symlinking: /home/sree/dev_ws/src/articubot_one/install/articubot_one/share/articubot_one/description/robot_core.xacro
[0.773s] -- Symlinking: /home/sree/dev_ws/src/articubot_one/install/articubot_one/share/articubot_one/description/ros2_control.xacro
[0.783s] -- Symlinking: /home/sree/dev_ws/src/articubot_one/install/articubot_one/share/articubot_one/launch/launch_sim.launch.py
[0.791s] -- Symlinking: /home/sree/dev_ws/src/articubot_one/install/articubot_one/share/articubot_one/launch/rsp.launch.py
[0.801s] -- Symlinking: /home/sree/dev_ws/src/articubot_one/install/articubot_one/share/articubot_one/worlds/empty.world
[0.809s] -- Symlinking: /home/sree/dev_ws/src/articubot_one/install/articubot_one/share/articubot_one/worlds/obstacles.world
[0.818s] -- Symlinking: /home/sree/dev_ws/src/articubot_one/install/articubot_one/share/ament_index/resource_index/package_run_dependencies/articubot_one
[0.827s] -- Symlinking: /home/sree/dev_ws/src/articubot_one/install/articubot_one/share/ament_index/resource_index/parent_prefix_path/articubot_one
[0.837s] -- Symlinking: /home/sree/dev_ws/src/articubot_one/install/articubot_one/share/articubot_one/environment/ament_prefix_path.sh
[0.846s] -- Symlinking: /home/sree/dev_ws/src/articubot_one/install/articubot_one/share/articubot_one/environment/ament_prefix_path.dsv
[0.855s] -- Symlinking: /home/sree/dev_ws/src/articubot_one/install/articubot_one/share/articubot_one/environment/path.sh
[0.864s] -- Symlinking: /home/sree/dev_ws/src/articubot_one/install/articubot_one/share/articubot_one/environment/path.dsv
[0.873s] -- Symlinking: /home/sree/dev_ws/src/articubot_one/install/articubot_one/share/articubot_one/local_setup.bash
[0.882s] -- Symlinking: /home/sree/dev_ws/src/articubot_one/install/articubot_one/share/articubot_one/local_setup.sh
[0.890s] -- Symlinking: /home/sree/dev_ws/src/articubot_one/install/articubot_one/share/articubot_one/local_setup.zsh
[0.899s] -- Symlinking: /home/sree/dev_ws/src/articubot_one/install/articubot_one/share/articubot_one/local_setup.dsv
[0.908s] -- Symlinking: /home/sree/dev_ws/src/articubot_one/install/articubot_one/share/articubot_one/package.dsv
[0.917s] -- Symlinking: /home/sree/dev_ws/src/articubot_one/install/articubot_one/share/ament_index/resource_index/packages/articubot_one
[0.927s] -- Symlinking: /home/sree/dev_ws/src/articubot_one/install/articubot_one/share/articubot_one/cmake/articubot_oneConfig.cmake
[0.936s] -- Symlinking: /home/sree/dev_ws/src/articubot_one/install/articubot_one/share/articubot_one/cmake/articubot_oneConfig-version.cmake
[0.945s] -- Symlinking: /home/sree/dev_ws/src/articubot_one/install/articubot_one/share/articubot_one/package.xml
[0.956s] Invoked command in '/home/sree/dev_ws/src/articubot_one/build/articubot_one' returned '0': CMAKE_PREFIX_PATH=/opt/ros/humble /usr/bin/cmake --install /home/sree/dev_ws/src/articubot_one/build/articubot_one
