[0.036s] Invoking command in '/home/sree/dev_ws/src/articubot_one/build/articubot_one': /usr/bin/cmake /home/sree/dev_ws/src/articubot_one -DAMENT_CMAKE_SYMLINK_INSTALL=1 -DCMAKE_INSTALL_PREFIX=/home/sree/dev_ws/src/articubot_one/install/articubot_one
[0.059s] [31mCMake Error at CMakeLists.txt:19 (find_package):
[0.059s]   By not providing "Findament_cmake.cmake" in CMAKE_MODULE_PATH this project
[0.059s]   has asked CMake to find a package configuration file provided by
[0.059s]   "ament_cmake", but CMake did not find one.
[0.059s] 
[0.059s]   Could not find a package configuration file provided by "ament_cmake" with
[0.060s]   any of the following names:
[0.060s] 
[0.060s]     ament_cmakeConfig.cmake
[0.060s]     ament_cmake-config.cmake
[0.060s] 
[0.060s]   Add the installation prefix of "ament_cmake" to CMAKE_PREFIX_PATH or set
[0.060s]   "ament_cmake_DIR" to a directory containing one of the above files.  If
[0.060s]   "ament_cmake" provides a separate development package or SDK, be sure it
[0.060s]   has been installed.
[0.060s] 
[0.060s] [0m
[0.060s] -- Configuring incomplete, errors occurred!
[0.061s] See also "/home/sree/dev_ws/src/articubot_one/build/articubot_one/CMakeFiles/CMakeOutput.log".
[0.062s] Invoked command in '/home/sree/dev_ws/src/articubot_one/build/articubot_one' returned '1': /usr/bin/cmake /home/sree/dev_ws/src/articubot_one -DAMENT_CMAKE_SYMLINK_INSTALL=1 -DCMAKE_INSTALL_PREFIX=/home/sree/dev_ws/src/articubot_one/install/articubot_one
